2022-05-27 15:42:00,307:INFO:PyCaret Supervised Module
2022-05-27 15:42:00,307:INFO:ML Usecase: regression
2022-05-27 15:42:00,308:INFO:version 2.3.3
2022-05-27 15:42:00,308:INFO:Initializing setup()
2022-05-27 15:42:00,308:INFO:setup(target=loss1, ml_usecase=regression, available_plots={'parameter': 'Hyperparameters', 'residuals': 'Residuals', 'error': 'Prediction Error', 'cooks': 'Cooks Distance', 'rfe': 'Feature Selection', 'learning': 'Learning Curve', 'manifold': 'Manifold Learning', 'vc': 'Validation Curve', 'feature': 'Feature Importance', 'feature_all': 'Feature Importance (All)', 'tree': 'Decision Tree', 'residuals_interactive': 'Interactive Residuals'}, train_size=0.7, test_data=None, preprocess=True, imputation_type=simple, iterative_imputation_iters=5, categorical_features=[], categorical_imputation=constant, categorical_iterative_imputer=lightgbm, ordinal_features=None, high_cardinality_features=None, high_cardinality_method=frequency, numeric_features=['N1', 'N2', 'd1', 'd2', 'freq', 'move_tx', 'move_rx', 'offset_tx', 'offset_rx', 'per', 'space1', 'space2', 'space3', 'space4', 'l1', 'l2', 'h1', 'w1'], numeric_imputation=mean, numeric_iterative_imputer=lightgbm, date_features=None, ignore_features=None, normalize=False, normalize_method=zscore, transformation=False, transformation_method=yeo-johnson, handle_unknown_categorical=True, unknown_categorical_method=least_frequent, pca=False, pca_method=linear, pca_components=None, ignore_low_variance=False, combine_rare_levels=False, rare_level_threshold=0.1, bin_numeric_features=None, remove_outliers=False, outliers_threshold=0.05, remove_multicollinearity=False, multicollinearity_threshold=0.9, remove_perfect_collinearity=False, create_clusters=False, cluster_iter=20, polynomial_features=False, polynomial_degree=2, trigonometry_features=False, polynomial_threshold=0.1, group_features=None, group_names=None, feature_selection=False, feature_selection_threshold=0.8, feature_selection_method=classic, feature_interaction=False, feature_ratio=False, interaction_threshold=0.01, fix_imbalance=False, fix_imbalance_method=None, transform_target=False, transform_target_method=box-cox, data_split_shuffle=True, data_split_stratify=False, fold_strategy=kfold, fold=10, fold_shuffle=False, fold_groups=None, n_jobs=-1, use_gpu=False, custom_pipeline=None, html=True, session_id=123, log_experiment=False, experiment_name=None, log_plots=False, log_profile=False, log_data=False, silent=True, verbose=True, profile=False, profile_kwargs=None, display=None)
2022-05-27 15:42:00,308:INFO:Checking environment
2022-05-27 15:42:00,308:INFO:python_version: 3.8.8
2022-05-27 15:42:00,308:INFO:python_build: ('default', 'Apr 13 2021 15:08:03')
2022-05-27 15:42:00,308:INFO:machine: AMD64
2022-05-27 15:42:00,308:INFO:platform: Windows-10-10.0.19041-SP0
2022-05-27 15:42:00,309:WARNING:cannot find psutil installation. memory not traceable. Install psutil using pip to enable memory logging.
2022-05-27 15:42:00,309:INFO:Checking libraries
2022-05-27 15:42:00,309:INFO:pd==1.3.1
2022-05-27 15:42:00,309:INFO:numpy==1.20.3
2022-05-27 15:42:00,309:INFO:sklearn==0.23.2
2022-05-27 15:42:00,309:INFO:lightgbm==3.2.1
2022-05-27 15:42:00,310:WARNING:catboost not found
2022-05-27 15:42:00,311:WARNING:xgboost not found
2022-05-27 15:42:00,713:INFO:mlflow==1.19.0
2022-05-27 15:42:00,713:INFO:Checking Exceptions
2022-05-27 15:49:07,529:INFO:Initializing tune_model()
2022-05-27 15:49:07,530:INFO:tune_model(estimator=LGBMRegressor(learning_rate=0.05, n_estimators=50, num_leaves=100,
              random_state=765), fold=None, round=4, n_iter=10000, custom_grid=None, optimize=R2, custom_scorer=None, search_library=scikit-learn, search_algorithm=None, early_stopping=False, early_stopping_max_iters=10, choose_better=True, fit_kwargs=None, groups=None, return_tuner=False, verbose=True, tuner_verbose=True, display=None, kwargs={})
2022-05-27 15:49:07,530:INFO:Checking exceptions
2022-05-27 15:49:41,140:INFO:Initializing tune_model()
2022-05-27 15:49:41,140:INFO:tune_model(estimator=LGBMRegressor(learning_rate=0.05, n_estimators=50, num_leaves=100,
              random_state=765), fold=None, round=4, n_iter=10000, custom_grid=None, optimize=R2, custom_scorer=None, search_library=scikit-learn, search_algorithm=None, early_stopping=False, early_stopping_max_iters=10, choose_better=True, fit_kwargs=None, groups=None, return_tuner=False, verbose=True, tuner_verbose=True, display=None, kwargs={})
2022-05-27 15:49:41,140:INFO:Checking exceptions
